<?xml version="1.0" encoding="UTF-8"?>
<coverage generated="1702355425500" clover="3.2.0">
  <project timestamp="1702355425500" name="All files">
    <metrics statements="30" coveredstatements="17" conditionals="7" coveredconditionals="1" methods="9" coveredmethods="3" elements="46" coveredelements="21" complexity="0" loc="30" ncloc="30" packages="1" files="1" classes="1"/>
    <file name="main.ts" path="/home/ayoub/repos/fiverr/backend/fastify/main.ts">
      <metrics statements="30" coveredstatements="17" conditionals="7" coveredconditionals="1" methods="9" coveredmethods="3"/>
      <line num="1" count="1" type="stmt"/>
      <line num="2" count="1" type="stmt"/>
      <line num="3" count="1" type="stmt"/>
      <line num="4" count="1" type="stmt"/>
      <line num="5" count="1" type="stmt"/>
      <line num="6" count="1" type="stmt"/>
      <line num="7" count="1" type="stmt"/>
      <line num="15" count="1" type="stmt"/>
      <line num="33" count="1" type="stmt"/>
      <line num="34" count="0" type="stmt"/>
      <line num="40" count="3" type="stmt"/>
      <line num="41" count="3" type="stmt"/>
      <line num="42" count="3" type="stmt"/>
      <line num="43" count="3" type="stmt"/>
      <line num="44" count="1" type="stmt"/>
      <line num="47" count="2" type="stmt"/>
      <line num="54" count="1" type="stmt"/>
      <line num="57" count="1" type="cond" truecount="0" falsecount="1"/>
      <line num="58" count="0" type="stmt"/>
      <line num="59" count="0" type="stmt"/>
      <line num="60" count="0" type="stmt"/>
      <line num="61" count="0" type="stmt"/>
      <line num="62" count="0" type="stmt"/>
      <line num="63" count="0" type="stmt"/>
      <line num="64" count="0" type="stmt"/>
      <line num="67" count="0" type="stmt"/>
      <line num="68" count="0" type="stmt"/>
      <line num="72" count="0" type="stmt"/>
      <line num="73" count="0" type="stmt"/>
      <line num="76" count="0" type="stmt"/>
    </file>
  </project>
</coverage>
