{"/home/ayoub/repos/fiverr/backend/fastify/main.ts": {"path":"/home/ayoub/repos/fiverr/backend/fastify/main.ts","statementMap":{"0":{"start":{"line":1,"column":0},"end":{"line":1,"column":26}},"1":{"start":{"line":2,"column":0},"end":{"line":2,"column":64}},"2":{"start":{"line":3,"column":0},"end":{"line":3,"column":31}},"3":{"start":{"line":4,"column":0},"end":{"line":4,"column":35}},"4":{"start":{"line":5,"column":27},"end":{"line":5,"column":41}},"5":{"start":{"line":7,"column":17},"end":{"line":13,"column":3}},"6":{"start":{"line":15,"column":1},"end":{"line":31,"column":4}},"7":{"start":{"line":33,"column":1},"end":{"line":38,"column":4}},"8":{"start":{"line":34,"column":2},"end":{"line":37,"column":5}},"9":{"start":{"line":40,"column":1},"end":{"line":52,"column":4}},"10":{"start":{"line":40,"column":71},"end":{"line":52,"column":3}},"11":{"start":{"line":41,"column":2},"end":{"line":41,"column":39}},"12":{"start":{"line":42,"column":2},"end":{"line":51,"column":3}},"13":{"start":{"line":43,"column":20},"end":{"line":43,"column":66}},"14":{"start":{"line":44,"column":3},"end":{"line":44,"column":56}},"15":{"start":{"line":47,"column":3},"end":{"line":50,"column":6}},"16":{"start":{"line":54,"column":1},"end":{"line":54,"column":16}},"17":{"start":{"line":6,"column":0},"end":{"line":6,"column":22}},"18":{"start":{"line":57,"column":0},"end":{"line":77,"column":1}},"19":{"start":{"line":58,"column":14},"end":{"line":75,"column":3}},"20":{"start":{"line":58,"column":25},"end":{"line":75,"column":3}},"21":{"start":{"line":59,"column":15},"end":{"line":59,"column":19}},"22":{"start":{"line":60,"column":18},"end":{"line":60,"column":36}},"23":{"start":{"line":61,"column":2},"end":{"line":66,"column":5}},"24":{"start":{"line":62,"column":3},"end":{"line":65,"column":6}},"25":{"start":{"line":62,"column":33},"end":{"line":65,"column":5}},"26":{"start":{"line":63,"column":4},"end":{"line":63,"column":26}},"27":{"start":{"line":64,"column":4},"end":{"line":64,"column":20}},"28":{"start":{"line":67,"column":2},"end":{"line":74,"column":3}},"29":{"start":{"line":68,"column":3},"end":{"line":70,"column":6}},"30":{"start":{"line":72,"column":3},"end":{"line":72,"column":50}},"31":{"start":{"line":73,"column":3},"end":{"line":73,"column":19}},"32":{"start":{"line":76,"column":1},"end":{"line":76,"column":8}}},"fnMap":{"0":{"name":"FastifyApp","decl":{"start":{"line":6,"column":22},"end":{"line":6,"column":32}},"loc":{"start":{"line":6,"column":32},"end":{"line":55,"column":null}}},"1":{"name":"(anonymous_10)","decl":{"start":{"line":33,"column":18},"end":{"line":33,"column":34}},"loc":{"start":{"line":33,"column":72},"end":{"line":38,"column":3}}},"2":{"name":"(anonymous_12)","decl":{"start":{"line":40,"column":22},"end":{"line":40,"column":29}},"loc":{"start":{"line":40,"column":71},"end":{"line":52,"column":3}}},"3":{"name":"(anonymous_13)","decl":{"start":{"line":40,"column":71},"end":{"line":40,"column":null}},"loc":{"start":{"line":40,"column":71},"end":{"line":52,"column":2}}},"4":{"name":"(anonymous_14)","decl":{"start":{"line":58,"column":14},"end":{"line":58,"column":23}},"loc":{"start":{"line":58,"column":25},"end":{"line":75,"column":3}}},"5":{"name":"(anonymous_15)","decl":{"start":{"line":58,"column":25},"end":{"line":58,"column":null}},"loc":{"start":{"line":58,"column":25},"end":{"line":75,"column":2}}},"6":{"name":"(anonymous_16)","decl":{"start":{"line":61,"column":32},"end":{"line":61,"column":33}},"loc":{"start":{"line":61,"column":43},"end":{"line":66,"column":3}}},"7":{"name":"(anonymous_17)","decl":{"start":{"line":62,"column":22},"end":{"line":62,"column":31}},"loc":{"start":{"line":62,"column":33},"end":{"line":65,"column":5}}},"8":{"name":"(anonymous_18)","decl":{"start":{"line":62,"column":33},"end":{"line":62,"column":null}},"loc":{"start":{"line":62,"column":33},"end":{"line":65,"column":4}}}},"branchMap":{"0":{"loc":{"start":{"line":18,"column":4},"end":{"line":24,"column":null}},"type":"cond-expr","locations":[{"start":{"line":19,"column":7},"end":{"line":19,"column":18}},{"start":{"line":20,"column":7},"end":{"line":24,"column":null}}]},"1":{"loc":{"start":{"line":20,"column":7},"end":{"line":24,"column":null}},"type":"cond-expr","locations":[{"start":{"line":21,"column":7},"end":{"line":21,"column":19}},{"start":{"line":22,"column":7},"end":{"line":24,"column":null}}]},"2":{"loc":{"start":{"line":22,"column":7},"end":{"line":24,"column":null}},"type":"cond-expr","locations":[{"start":{"line":23,"column":7},"end":{"line":23,"column":18}},{"start":{"line":24,"column":7},"end":{"line":24,"column":null}}]},"3":{"loc":{"start":{"line":57,"column":0},"end":{"line":77,"column":1}},"type":"if","locations":[{"start":{"line":57,"column":0},"end":{"line":77,"column":1}}]}},"s":{"0":1,"1":1,"2":1,"3":1,"4":1,"5":1,"6":1,"7":1,"8":0,"9":1,"10":3,"11":3,"12":3,"13":3,"14":1,"15":2,"16":1,"17":1,"18":1,"19":0,"20":0,"21":0,"22":0,"23":0,"24":0,"25":0,"26":0,"27":0,"28":0,"29":0,"30":0,"31":0,"32":0},"f":{"0":1,"1":0,"2":3,"3":3,"4":0,"5":0,"6":0,"7":0,"8":0},"b":{"0":[1,0],"1":[0,0],"2":[0,0],"3":[0]}}
}
