TN:
SF:main.ts
FN:6,FastifyApp
FN:33,(anonymous_10)
FN:40,(anonymous_12)
FN:40,(anonymous_13)
FN:58,(anonymous_14)
FN:58,(anonymous_15)
FN:61,(anonymous_16)
FN:62,(anonymous_17)
FN:62,(anonymous_18)
FNF:9
FNH:3
FNDA:1,FastifyApp
FNDA:0,(anonymous_10)
FNDA:3,(anonymous_12)
FNDA:3,(anonymous_13)
FNDA:0,(anonymous_14)
FNDA:0,(anonymous_15)
FNDA:0,(anonymous_16)
FNDA:0,(anonymous_17)
FNDA:0,(anonymous_18)
DA:1,1
DA:2,1
DA:3,1
DA:4,1
DA:5,1
DA:6,1
DA:7,1
DA:15,1
DA:33,1
DA:34,0
DA:40,3
DA:41,3
DA:42,3
DA:43,3
DA:44,1
DA:47,2
DA:54,1
DA:57,1
DA:58,0
DA:59,0
DA:60,0
DA:61,0
DA:62,0
DA:63,0
DA:64,0
DA:67,0
DA:68,0
DA:72,0
DA:73,0
DA:76,0
LF:30
LH:17
BRDA:18,0,0,1
BRDA:18,0,1,0
BRDA:20,1,0,0
BRDA:20,1,1,0
BRDA:22,2,0,0
BRDA:22,2,1,0
BRDA:57,3,0,0
BRF:7
BRH:1
end_of_record
